{
  "0 debug pnpm:scope": {
    "selected": 1
  },
  "1 error pnpm": {
    "message": {
      "errno": 1,
      "code": "ELIFECYCLE",
      "pkgid": "tilt@0.0.0",
      "stage": "nx",
      "script": "nx \"dev\" \"frontend\"",
      "pkgname": "tilt"
    },
    "err": {
      "name": "Error",
      "message": "tilt@0.0.0 nx: `nx \"dev\" \"frontend\"`\nExit status 1",
      "code": "ELIFECYCLE",
      "stack": "Error: tilt@0.0.0 nx: `nx \"dev\" \"frontend\"`\nExit status 1\n    at EventEmitter.<anonymous> (/Users/hayes/.nvm/versions/node/v12.13.0/lib/node_modules/pnpm/lib/node_modules/@zkochan/npm-lifecycle/index.js:302:16)\n    at EventEmitter.emit (events.js:210:5)\n    at ChildProcess.<anonymous> (/Users/hayes/.nvm/versions/node/v12.13.0/lib/node_modules/pnpm/lib/node_modules/@zkochan/npm-lifecycle/lib/spawn.js:55:14)\n    at ChildProcess.emit (events.js:210:5)\n    at maybeClose (internal/child_process.js:1021:16)\n    at Process.ChildProcess._handle.onexit (internal/child_process.js:283:5)"
    }
  }
}